{
  "RSpec": {
    "coverage": {
      "/Users/roystonHenson/Projects/makers-refresher/boris_bikes_refresher/spec/bike_spec.rb": [
        1,
        null,
        1,
        1,
        1,
        null,
        null,
        null,
        null,
        1,
        2,
        null,
        1,
        1,
        1,
        null,
        null,
        1,
        1,
        1,
        1,
        null,
        null,
        null,
        null
      ],
      "/Users/roystonHenson/Projects/makers-refresher/boris_bikes_refresher/lib/bike.rb": [
        1,
        1,
        null,
        1,
        46,
        null,
        null,
        1,
        2,
        null,
        null,
        1,
        1,
        null,
        null
      ],
      "/Users/roystonHenson/Projects/makers-refresher/boris_bikes_refresher/spec/docking_station_spec.rb": [
        1,
        null,
        1,
        5,
        null,
        1,
        1,
        1,
        1,
        1,
        null,
        null,
        null,
        1,
        2,
        1,
        1,
        null,
        null,
        null,
        null,
        1,
        2,
        null,
        1,
        1,
        1,
        1,
        null,
        null,
        null,
        1,
        1,
        2,
        null,
        null,
        null,
        1,
        1,
        1,
        1,
        1,
        1,
        1,
        1,
        null,
        null,
        null,
        null,
        1,
        2,
        null,
        1,
        1,
        1,
        19,
        null,
        1,
        1,
        null,
        null,
        1,
        1,
        1,
        20,
        null,
        2,
        null,
        null,
        null,
        null,
        1,
        2,
        null,
        1,
        1,
        1,
        null,
        null,
        null
      ],
      "/Users/roystonHenson/Projects/makers-refresher/boris_bikes_refresher/lib/docking_station.rb": [
        1,
        null,
        1,
        null,
        1,
        null,
        1,
        null,
        1,
        11,
        11,
        null,
        null,
        1,
        3,
        4,
        2,
        null,
        null,
        1,
        44,
        43,
        null,
        null,
        1,
        1,
        null,
        null,
        1,
        null,
        1,
        3,
        null,
        null,
        1,
        44,
        null,
        null
      ]
    },
    "timestamp": 1520207937
  }
}
